-------------------------------------------------------------------------------
Test set: BonusServiceTest
-------------------------------------------------------------------------------
Tests run: 6, Failures: 2, Errors: 0, Skipped: 0, Time elapsed: 0.015 s <<< FAILURE! - in BonusServiceTest
shouldCalculateForRegisteredOutOfRange  Time elapsed: 0.011 s  <<< FAILURE!
org.opentest4j.AssertionFailedError: expected: <500> but was: <450>
	at BonusServiceTest.shouldCalculateForRegisteredOutOfRange(BonusServiceTest.java:93)

shouldCalculateForUnRegisteredEqual500  Time elapsed: 0.001 s  <<< FAILURE!
org.opentest4j.AssertionFailedError: expected: <500> but was: <50>
	at BonusServiceTest.shouldCalculateForUnRegisteredEqual500(BonusServiceTest.java:78)

