<?xml version="1.0" encoding="UTF-8"?>
<testsuite xmlns:xsi="http://www.w3.org/2001/XMLSchema-instance" xsi:noNamespaceSchemaLocation="https://maven.apache.org/surefire/maven-surefire-plugin/xsd/surefire-test-report.xsd" name="BonusServiceTest" time="0.015" tests="6" errors="0" skipped="0" failures="2">
  <properties>
[...]
</properties>
  <testcase name="shouldCalculateForRegisteredOutOfRange" classname="BonusServiceTest" time="0.011">
    <failure message="expected: &lt;500&gt; but was: &lt;450&gt;" type="org.opentest4j.AssertionFailedError"><![CDATA[org.opentest4j.AssertionFailedError: expected: <500> but was: <450>
	at BonusServiceTest.shouldCalculateForRegisteredOutOfRange(BonusServiceTest.java:93)
]]></failure>
  </testcase>
  <testcase name="shouldCalculateForUnRegisteredOneBonus" classname="BonusServiceTest" time="0"/>
  <testcase name="shouldCalculateForRegisteredAndOverLimit" classname="BonusServiceTest" time="0"/>
  <testcase name="shouldCalculateForRegisteredAndLessLimit" classname="BonusServiceTest" time="0"/>
  <testcase name="shouldCalculateForUnRegisteredEqual500" classname="BonusServiceTest" time="0.001">
    <failure message="expected: &lt;500&gt; but was: &lt;50&gt;" type="org.opentest4j.AssertionFailedError"><![CDATA[org.opentest4j.AssertionFailedError: expected: <500> but was: <50>
	at BonusServiceTest.shouldCalculateForUnRegisteredEqual500(BonusServiceTest.java:78)
]]></failure>
  </testcase>
  <testcase name="shouldCalculateForRegisteredAndUnderLimit" classname="BonusServiceTest" time="0"/>
</testsuite>